<?xml version="1.0" encoding="UTF-8"?>
<testsuite name="Login" tests="1" skipped="0" failures="0" errors="0" timestamp="2025-02-01T14:48:46" hostname="192.168.1.5" time="0.034">
  <properties/>
  <testcase name="login using valid username and password" classname="Login" time="0.034"/>
  <system-out><![CDATA[
Scenario: login using valid username and password ?[90m# src/test/resources/login.feature:3?[0m
  ?[32mGiven ?[0m?[32muser on login page?[0m                        ?[90m# com.tane.stepDef.LoginStepDef.userOnLoginPage()?[0m
  ?[32mAnd ?[0m?[32muser input username with ?[0m?[32m?[1m""?[0m                 ?[90m# com.tane.stepDef.LoginStepDef.userInputUsernameWith(java.lang.String)?[0m
  ?[32mAnd ?[0m?[32muser input password with ?[0m?[32m?[1m""?[0m                 ?[90m# com.tane.stepDef.LoginStepDef.userInputPasswordWith(java.lang.String)?[0m
  ?[32mWhen ?[0m?[32muser click login button?[0m                    ?[90m# com.tane.stepDef.LoginStepDef.userClickLoginButton()?[0m
  ?[32mThen ?[0m?[32muser on homepage?[0m                           ?[90m# com.tane.stepDef.LoginStepDef.userOnHomepage()?[0m
]]></system-out>
  <system-err><![CDATA[]]></system-err>
</testsuite>
